
> o2-nutrition-backend@1.0.0 dev
> cross-env NODE_OPTIONS=--no-deprecation next dev

   ▲ Next.js 15.0.2
   - Local:        http://localhost:3000
   - Environments: .env

 ✓ Starting...
 ⚠ Duplicate page detected. src/app/api/orders/route.ts and src/app/(payload)/api/orders/route.ts resolve to /api/orders
 ⚠ Duplicate page detected. src/app/api/orders/route.ts and src/app/(payload)/api/orders/route.ts resolve to /api/orders
 ✓ Ready in 2.2s
 ○ Compiling /src/middleware ...
 ✓ Compiled /src/middleware in 1108ms (91 modules)
 ○ Compiling /api/[...slug] ...
 ✓ Compiled /api/[...slug] in 5.3s (2119 modules)
[20:49:56] [33mWARN[39m: [36mNo email adapter provided. Email will be written to console. More info at https://payloadcms.com/docs/email/overview.[39m
 GET /api/announcements?where[isActive][equals]=true&sort=-priority 200 in 10417ms
Product after processing: { id: '68cacbd96a891ac7fd777f6b', nutritionImage: undefined }
Product after processing: { id: '68cacbd96a891ac7fd777f67', nutritionImage: undefined }
Product after processing: { id: '68cacbd86a891ac7fd777f5f', nutritionImage: undefined }
Product after processing: { id: '68cacbd86a891ac7fd777f5b', nutritionImage: undefined }
Product after processing: { id: '68cacbd76a891ac7fd777f53', nutritionImage: undefined }
Product after processing: { id: '68cacbd76a891ac7fd777f4f', nutritionImage: undefined }
Product after processing: { id: '68cacbd76a891ac7fd777f4b', nutritionImage: undefined }
Product after processing: { id: '68cacbd76a891ac7fd777f47', nutritionImage: undefined }
 GET /api/products?where%5BbestSeller%5D%5Bequals%5D=true&limit=8&depth=2 200 in 10423ms
Product after processing: { id: '68cacbe96a891ac7fd77805b', nutritionImage: undefined }
Product after processing: { id: '68cacbe86a891ac7fd778057', nutritionImage: undefined }
Product after processing: { id: '68cacbe86a891ac7fd778053', nutritionImage: undefined }
Product after processing: { id: '68cacbe86a891ac7fd77804f', nutritionImage: undefined }
Product after processing: { id: '68cacbe86a891ac7fd77804b', nutritionImage: undefined }
Product after processing: { id: '68cacbe76a891ac7fd778047', nutritionImage: undefined }
Product after processing: { id: '68cacbe76a891ac7fd778043', nutritionImage: undefined }
Product after processing: { id: '68cacbe76a891ac7fd77803f', nutritionImage: undefined }
Product after processing: { id: '68cacbe76a891ac7fd77803b', nutritionImage: undefined }
Product after processing: { id: '68cacbe66a891ac7fd778037', nutritionImage: undefined }
Product after processing: { id: '68cacbe66a891ac7fd778033', nutritionImage: undefined }
Product after processing: { id: '68cacbe66a891ac7fd77802f', nutritionImage: undefined }
Product after processing: { id: '68cacbe56a891ac7fd77802b', nutritionImage: undefined }
Product after processing: { id: '68cacbe56a891ac7fd778027', nutritionImage: undefined }
Product after processing: { id: '68cacbe56a891ac7fd778023', nutritionImage: undefined }
Product after processing: { id: '68cacbe56a891ac7fd77801f', nutritionImage: undefined }
Product after processing: { id: '68cacbe46a891ac7fd77801b', nutritionImage: undefined }
Product after processing: { id: '68cacbe46a891ac7fd778017', nutritionImage: undefined }
Product after processing: { id: '68cacbe46a891ac7fd778013', nutritionImage: undefined }
Product after processing: { id: '68cacbe46a891ac7fd77800f', nutritionImage: undefined }
Product after processing: { id: '68cacbe36a891ac7fd77800b', nutritionImage: undefined }
Product after processing: { id: '68cacbe36a891ac7fd778007', nutritionImage: undefined }
Product after processing: { id: '68cacbe36a891ac7fd778003', nutritionImage: undefined }
Product after processing: { id: '68cacbe36a891ac7fd777fff', nutritionImage: undefined }
Product after processing: { id: '68cacbe26a891ac7fd777ffb', nutritionImage: undefined }
Product after processing: { id: '68cacbe26a891ac7fd777ff7', nutritionImage: undefined }
Product after processing: { id: '68cacbe26a891ac7fd777ff3', nutritionImage: undefined }
Product after processing: { id: '68cacbe26a891ac7fd777fef', nutritionImage: undefined }
Product after processing: { id: '68cacbe16a891ac7fd777feb', nutritionImage: undefined }
Product after processing: { id: '68cacbe16a891ac7fd777fe7', nutritionImage: undefined }
Product after processing: { id: '68cacbe16a891ac7fd777fe3', nutritionImage: undefined }
Product after processing: { id: '68cacbe16a891ac7fd777fdf', nutritionImage: undefined }
Product after processing: { id: '68cacbe06a891ac7fd777fdb', nutritionImage: undefined }
Product after processing: { id: '68cacbe06a891ac7fd777fd7', nutritionImage: undefined }
Product after processing: { id: '68cacbe06a891ac7fd777fd3', nutritionImage: undefined }
Product after processing: { id: '68cacbdf6a891ac7fd777fcf', nutritionImage: undefined }
Product after processing: { id: '68cacbdf6a891ac7fd777fcb', nutritionImage: undefined }
Product after processing: { id: '68cacbdf6a891ac7fd777fc7', nutritionImage: undefined }
Product after processing: { id: '68cacbdf6a891ac7fd777fc3', nutritionImage: undefined }
Product after processing: { id: '68cacbde6a891ac7fd777fbf', nutritionImage: undefined }
Product after processing: { id: '68cacbde6a891ac7fd777fbb', nutritionImage: undefined }
Product after processing: { id: '68cacbde6a891ac7fd777fb7', nutritionImage: undefined }
Product after processing: { id: '68cacbde6a891ac7fd777fb3', nutritionImage: undefined }
Product after processing: { id: '68cacbdd6a891ac7fd777faf', nutritionImage: undefined }
Product after processing: { id: '68cacbdd6a891ac7fd777fab', nutritionImage: undefined }
Product after processing: { id: '68cacbdd6a891ac7fd777fa7', nutritionImage: undefined }
Product after processing: { id: '68cacbdd6a891ac7fd777fa3', nutritionImage: undefined }
Product after processing: { id: '68cacbdc6a891ac7fd777f9f', nutritionImage: undefined }
Product after processing: { id: '68cacbdc6a891ac7fd777f9b', nutritionImage: undefined }
Product after processing: { id: '68cacbdc6a891ac7fd777f97', nutritionImage: undefined }
Product after processing: { id: '68cacbdc6a891ac7fd777f93', nutritionImage: undefined }
Product after processing: { id: '68cacbdb6a891ac7fd777f8f', nutritionImage: undefined }
Product after processing: { id: '68cacbdb6a891ac7fd777f8b', nutritionImage: undefined }
Product after processing: { id: '68cacbdb6a891ac7fd777f87', nutritionImage: undefined }
Product after processing: { id: '68cacbdb6a891ac7fd777f83', nutritionImage: undefined }
Product after processing: { id: '68cacbda6a891ac7fd777f7f', nutritionImage: undefined }
Product after processing: { id: '68cacbda6a891ac7fd777f7b', nutritionImage: undefined }
Product after processing: { id: '68cacbda6a891ac7fd777f77', nutritionImage: undefined }
Product after processing: { id: '68cacbd96a891ac7fd777f73', nutritionImage: undefined }
Product after processing: { id: '68cacbd96a891ac7fd777f6f', nutritionImage: undefined }
Product after processing: { id: '68cacbd96a891ac7fd777f6b', nutritionImage: undefined }
Product after processing: { id: '68cacbd96a891ac7fd777f67', nutritionImage: undefined }
Product after processing: { id: '68cacbd86a891ac7fd777f63', nutritionImage: undefined }
Product after processing: { id: '68cacbd86a891ac7fd777f5f', nutritionImage: undefined }
Product after processing: { id: '68cacbd86a891ac7fd777f5b', nutritionImage: undefined }
Product after processing: { id: '68cacbd86a891ac7fd777f57', nutritionImage: undefined }
Product after processing: { id: '68cacbd76a891ac7fd777f53', nutritionImage: undefined }
Product after processing: { id: '68cacbd76a891ac7fd777f4f', nutritionImage: undefined }
Product after processing: { id: '68cacbd76a891ac7fd777f4b', nutritionImage: undefined }
Product after processing: { id: '68cacbd76a891ac7fd777f47', nutritionImage: undefined }
Product after processing: { id: '68cacbd66a891ac7fd777f41', nutritionImage: undefined }
Product after processing: { id: '68c92a956a891ac7fd77736a', nutritionImage: undefined }
Product after processing: { id: '68c92a956a891ac7fd777365', nutritionImage: undefined }
Product after processing: { id: '68c92a946a891ac7fd77735a', nutritionImage: undefined }
Product after processing: { id: '68c92a946a891ac7fd777355', nutritionImage: undefined }
 GET /api/products?limit=100&depth=2 200 in 10522ms
 GET /api/globals/hero-banner-global?depth=2&t=1758122384791 200 in 10725ms
Product after processing: { id: '68cacbe96a891ac7fd77805b', nutritionImage: undefined }
 GET /api/products?where%5BshopByGoal%5D%5Bequals%5D=WEIGHT_LOSS&limit=1&depth=2 200 in 501ms
Product after processing: { id: '68cacbe56a891ac7fd778027', nutritionImage: undefined }
 GET /api/products?where%5BshopByGoal%5D%5Bequals%5D=MUSCLE_GAIN&limit=1&depth=2 200 in 506ms
Product after processing: { id: '68cacbd96a891ac7fd777f6b', nutritionImage: undefined }
Product after processing: { id: '68cacbd96a891ac7fd777f67', nutritionImage: undefined }
Product after processing: { id: '68cacbd86a891ac7fd777f63', nutritionImage: undefined }
Product after processing: { id: '68cacbd86a891ac7fd777f5f', nutritionImage: undefined }
 GET /api/products?where%5BlovedByExperts%5D%5Bequals%5D=true&limit=4&depth=2 200 in 11047ms
Product after processing: { id: '68cacbe86a891ac7fd778053', nutritionImage: undefined }
 GET /api/products?where%5BshopByGoal%5D%5Bequals%5D=HEALTH_WELLNESS&limit=1&depth=2 200 in 549ms
Product after processing: { id: '68cacbe76a891ac7fd77803b', nutritionImage: undefined }
 GET /api/products?where%5BshopByGoal%5D%5Bequals%5D=ENERGY_PERFORMANCE&limit=1&depth=2 200 in 1013ms
 GET /api/announcements?where[isActive][equals]=true&sort=-priority 200 in 105ms
Product after processing: { id: '68cacbd96a891ac7fd777f6b', nutritionImage: undefined }
Product after processing: { id: '68cacbd96a891ac7fd777f67', nutritionImage: undefined }
Product after processing: { id: '68cacbd86a891ac7fd777f63', nutritionImage: undefined }
Product after processing: { id: '68cacbd86a891ac7fd777f5f', nutritionImage: undefined }
 GET /api/products?where%5BlovedByExperts%5D%5Bequals%5D=true&limit=4&depth=2 200 in 116ms
Product after processing: { id: '68cacbd96a891ac7fd777f6b', nutritionImage: undefined }
Product after processing: { id: '68cacbd96a891ac7fd777f67', nutritionImage: undefined }
Product after processing: { id: '68cacbd86a891ac7fd777f5f', nutritionImage: undefined }
Product after processing: { id: '68cacbd86a891ac7fd777f5b', nutritionImage: undefined }
Product after processing: { id: '68cacbd76a891ac7fd777f53', nutritionImage: undefined }
Product after processing: { id: '68cacbd76a891ac7fd777f4f', nutritionImage: undefined }
Product after processing: { id: '68cacbd76a891ac7fd777f4b', nutritionImage: undefined }
Product after processing: { id: '68cacbd76a891ac7fd777f47', nutritionImage: undefined }
 GET /api/products?where%5BbestSeller%5D%5Bequals%5D=true&limit=8&depth=2 200 in 121ms
 GET /api/globals/hero-banner-global?depth=2&t=1758122403208 200 in 168ms
Product after processing: { id: '68cacbe56a891ac7fd778027', nutritionImage: undefined }
 GET /api/products?where%5BshopByGoal%5D%5Bequals%5D=MUSCLE_GAIN&limit=1&depth=2 200 in 97ms
Product after processing: { id: '68cacbe76a891ac7fd77803b', nutritionImage: undefined }
 GET /api/products?where%5BshopByGoal%5D%5Bequals%5D=ENERGY_PERFORMANCE&limit=1&depth=2 200 in 103ms
Product after processing: { id: '68cacbe96a891ac7fd77805b', nutritionImage: undefined }
 GET /api/products?where%5BshopByGoal%5D%5Bequals%5D=WEIGHT_LOSS&limit=1&depth=2 200 in 107ms
Product after processing: { id: '68cacbe96a891ac7fd77805b', nutritionImage: undefined }
Product after processing: { id: '68cacbe86a891ac7fd778057', nutritionImage: undefined }
Product after processing: { id: '68cacbe86a891ac7fd778053', nutritionImage: undefined }
Product after processing: { id: '68cacbe86a891ac7fd77804f', nutritionImage: undefined }
Product after processing: { id: '68cacbe86a891ac7fd77804b', nutritionImage: undefined }
Product after processing: { id: '68cacbe76a891ac7fd778047', nutritionImage: undefined }
Product after processing: { id: '68cacbe76a891ac7fd778043', nutritionImage: undefined }
Product after processing: { id: '68cacbe76a891ac7fd77803f', nutritionImage: undefined }
Product after processing: { id: '68cacbe76a891ac7fd77803b', nutritionImage: undefined }
Product after processing: { id: '68cacbe66a891ac7fd778037', nutritionImage: undefined }
Product after processing: { id: '68cacbe66a891ac7fd778033', nutritionImage: undefined }
Product after processing: { id: '68cacbe66a891ac7fd77802f', nutritionImage: undefined }
Product after processing: { id: '68cacbe56a891ac7fd77802b', nutritionImage: undefined }
Product after processing: { id: '68cacbe56a891ac7fd778027', nutritionImage: undefined }
Product after processing: { id: '68cacbe56a891ac7fd778023', nutritionImage: undefined }
Product after processing: { id: '68cacbe56a891ac7fd77801f', nutritionImage: undefined }
Product after processing: { id: '68cacbe46a891ac7fd77801b', nutritionImage: undefined }
Product after processing: { id: '68cacbe46a891ac7fd778017', nutritionImage: undefined }
Product after processing: { id: '68cacbe46a891ac7fd778013', nutritionImage: undefined }
Product after processing: { id: '68cacbe46a891ac7fd77800f', nutritionImage: undefined }
Product after processing: { id: '68cacbe36a891ac7fd77800b', nutritionImage: undefined }
Product after processing: { id: '68cacbe36a891ac7fd778007', nutritionImage: undefined }
Product after processing: { id: '68cacbe36a891ac7fd778003', nutritionImage: undefined }
Product after processing: { id: '68cacbe36a891ac7fd777fff', nutritionImage: undefined }
Product after processing: { id: '68cacbe26a891ac7fd777ffb', nutritionImage: undefined }
Product after processing: { id: '68cacbe26a891ac7fd777ff7', nutritionImage: undefined }
Product after processing: { id: '68cacbe26a891ac7fd777ff3', nutritionImage: undefined }
Product after processing: { id: '68cacbe26a891ac7fd777fef', nutritionImage: undefined }
Product after processing: { id: '68cacbe16a891ac7fd777feb', nutritionImage: undefined }
Product after processing: { id: '68cacbe16a891ac7fd777fe7', nutritionImage: undefined }
Product after processing: { id: '68cacbe16a891ac7fd777fe3', nutritionImage: undefined }
Product after processing: { id: '68cacbe16a891ac7fd777fdf', nutritionImage: undefined }
Product after processing: { id: '68cacbe06a891ac7fd777fdb', nutritionImage: undefined }
Product after processing: { id: '68cacbe06a891ac7fd777fd7', nutritionImage: undefined }
Product after processing: { id: '68cacbe06a891ac7fd777fd3', nutritionImage: undefined }
Product after processing: { id: '68cacbdf6a891ac7fd777fcf', nutritionImage: undefined }
Product after processing: { id: '68cacbdf6a891ac7fd777fcb', nutritionImage: undefined }
Product after processing: { id: '68cacbdf6a891ac7fd777fc7', nutritionImage: undefined }
Product after processing: { id: '68cacbdf6a891ac7fd777fc3', nutritionImage: undefined }
Product after processing: { id: '68cacbde6a891ac7fd777fbf', nutritionImage: undefined }
Product after processing: { id: '68cacbde6a891ac7fd777fbb', nutritionImage: undefined }
Product after processing: { id: '68cacbde6a891ac7fd777fb7', nutritionImage: undefined }
Product after processing: { id: '68cacbde6a891ac7fd777fb3', nutritionImage: undefined }
Product after processing: { id: '68cacbdd6a891ac7fd777faf', nutritionImage: undefined }
Product after processing: { id: '68cacbdd6a891ac7fd777fab', nutritionImage: undefined }
Product after processing: { id: '68cacbdd6a891ac7fd777fa7', nutritionImage: undefined }
Product after processing: { id: '68cacbdd6a891ac7fd777fa3', nutritionImage: undefined }
Product after processing: { id: '68cacbdc6a891ac7fd777f9f', nutritionImage: undefined }
Product after processing: { id: '68cacbdc6a891ac7fd777f9b', nutritionImage: undefined }
Product after processing: { id: '68cacbdc6a891ac7fd777f97', nutritionImage: undefined }
Product after processing: { id: '68cacbdc6a891ac7fd777f93', nutritionImage: undefined }
Product after processing: { id: '68cacbdb6a891ac7fd777f8f', nutritionImage: undefined }
Product after processing: { id: '68cacbdb6a891ac7fd777f8b', nutritionImage: undefined }
Product after processing: { id: '68cacbdb6a891ac7fd777f87', nutritionImage: undefined }
Product after processing: { id: '68cacbdb6a891ac7fd777f83', nutritionImage: undefined }
Product after processing: { id: '68cacbda6a891ac7fd777f7f', nutritionImage: undefined }
Product after processing: { id: '68cacbda6a891ac7fd777f7b', nutritionImage: undefined }
Product after processing: { id: '68cacbda6a891ac7fd777f77', nutritionImage: undefined }
Product after processing: { id: '68cacbd96a891ac7fd777f73', nutritionImage: undefined }
Product after processing: { id: '68cacbd96a891ac7fd777f6f', nutritionImage: undefined }
Product after processing: { id: '68cacbd96a891ac7fd777f6b', nutritionImage: undefined }
Product after processing: { id: '68cacbd96a891ac7fd777f67', nutritionImage: undefined }
Product after processing: { id: '68cacbd86a891ac7fd777f63', nutritionImage: undefined }
Product after processing: { id: '68cacbd86a891ac7fd777f5f', nutritionImage: undefined }
Product after processing: { id: '68cacbd86a891ac7fd777f5b', nutritionImage: undefined }
Product after processing: { id: '68cacbd86a891ac7fd777f57', nutritionImage: undefined }
Product after processing: { id: '68cacbd76a891ac7fd777f53', nutritionImage: undefined }
Product after processing: { id: '68cacbd76a891ac7fd777f4f', nutritionImage: undefined }
Product after processing: { id: '68cacbd76a891ac7fd777f4b', nutritionImage: undefined }
Product after processing: { id: '68cacbd76a891ac7fd777f47', nutritionImage: undefined }
Product after processing: { id: '68cacbd66a891ac7fd777f41', nutritionImage: undefined }
Product after processing: { id: '68c92a956a891ac7fd77736a', nutritionImage: undefined }
Product after processing: { id: '68c92a956a891ac7fd777365', nutritionImage: undefined }
Product after processing: { id: '68c92a946a891ac7fd77735a', nutritionImage: undefined }
Product after processing: { id: '68c92a946a891ac7fd777355', nutritionImage: undefined }
 GET /api/products?limit=100&depth=2 200 in 286ms
Product after processing: { id: '68cacbe86a891ac7fd778053', nutritionImage: undefined }
 GET /api/products?where%5BshopByGoal%5D%5Bequals%5D=HEALTH_WELLNESS&limit=1&depth=2 200 in 571ms
Product after processing: { id: '68cacbd96a891ac7fd777f6b', nutritionImage: undefined }
Product after processing: { id: '68cacbd96a891ac7fd777f67', nutritionImage: undefined }
Product after processing: { id: '68cacbd86a891ac7fd777f5f', nutritionImage: undefined }
Product after processing: { id: '68cacbd86a891ac7fd777f5b', nutritionImage: undefined }
Product after processing: { id: '68cacbd76a891ac7fd777f53', nutritionImage: undefined }
Product after processing: { id: '68cacbd76a891ac7fd777f4f', nutritionImage: undefined }
Product after processing: { id: '68cacbd76a891ac7fd777f4b', nutritionImage: undefined }
Product after processing: { id: '68cacbd76a891ac7fd777f47', nutritionImage: undefined }
 GET /api/products?where%5BbestSeller%5D%5Bequals%5D=true&limit=8&depth=2 200 in 103ms
 GET /api/announcements?where[isActive][equals]=true&sort=-priority 200 in 106ms
Product after processing: { id: '68cacbd96a891ac7fd777f6b', nutritionImage: undefined }
Product after processing: { id: '68cacbd96a891ac7fd777f67', nutritionImage: undefined }
Product after processing: { id: '68cacbd86a891ac7fd777f63', nutritionImage: undefined }
Product after processing: { id: '68cacbd86a891ac7fd777f5f', nutritionImage: undefined }
 GET /api/products?where%5BlovedByExperts%5D%5Bequals%5D=true&limit=4&depth=2 200 in 109ms
 GET /api/globals/hero-banner-global?depth=2&t=1758122409593 200 in 170ms
Product after processing: { id: '68cacbe86a891ac7fd778053', nutritionImage: undefined }
 GET /api/products?where%5BshopByGoal%5D%5Bequals%5D=HEALTH_WELLNESS&limit=1&depth=2 200 in 96ms
Product after processing: { id: '68cacbe96a891ac7fd77805b', nutritionImage: undefined }
 GET /api/products?where%5BshopByGoal%5D%5Bequals%5D=WEIGHT_LOSS&limit=1&depth=2 200 in 99ms
Product after processing: { id: '68cacbe76a891ac7fd77803b', nutritionImage: undefined }
 GET /api/products?where%5BshopByGoal%5D%5Bequals%5D=ENERGY_PERFORMANCE&limit=1&depth=2 200 in 102ms
Product after processing: { id: '68cacbe56a891ac7fd778027', nutritionImage: undefined }
 GET /api/products?where%5BshopByGoal%5D%5Bequals%5D=MUSCLE_GAIN&limit=1&depth=2 200 in 104ms
Product after processing: { id: '68cacbe96a891ac7fd77805b', nutritionImage: undefined }
Product after processing: { id: '68cacbe86a891ac7fd778057', nutritionImage: undefined }
Product after processing: { id: '68cacbe86a891ac7fd778053', nutritionImage: undefined }
Product after processing: { id: '68cacbe86a891ac7fd77804f', nutritionImage: undefined }
Product after processing: { id: '68cacbe86a891ac7fd77804b', nutritionImage: undefined }
Product after processing: { id: '68cacbe76a891ac7fd778047', nutritionImage: undefined }
Product after processing: { id: '68cacbe76a891ac7fd778043', nutritionImage: undefined }
Product after processing: { id: '68cacbe76a891ac7fd77803f', nutritionImage: undefined }
Product after processing: { id: '68cacbe76a891ac7fd77803b', nutritionImage: undefined }
Product after processing: { id: '68cacbe66a891ac7fd778037', nutritionImage: undefined }
Product after processing: { id: '68cacbe66a891ac7fd778033', nutritionImage: undefined }
Product after processing: { id: '68cacbe66a891ac7fd77802f', nutritionImage: undefined }
Product after processing: { id: '68cacbe56a891ac7fd77802b', nutritionImage: undefined }
Product after processing: { id: '68cacbe56a891ac7fd778027', nutritionImage: undefined }
Product after processing: { id: '68cacbe56a891ac7fd778023', nutritionImage: undefined }
Product after processing: { id: '68cacbe56a891ac7fd77801f', nutritionImage: undefined }
Product after processing: { id: '68cacbe46a891ac7fd77801b', nutritionImage: undefined }
Product after processing: { id: '68cacbe46a891ac7fd778017', nutritionImage: undefined }
Product after processing: { id: '68cacbe46a891ac7fd778013', nutritionImage: undefined }
Product after processing: { id: '68cacbe46a891ac7fd77800f', nutritionImage: undefined }
Product after processing: { id: '68cacbe36a891ac7fd77800b', nutritionImage: undefined }
Product after processing: { id: '68cacbe36a891ac7fd778007', nutritionImage: undefined }
Product after processing: { id: '68cacbe36a891ac7fd778003', nutritionImage: undefined }
Product after processing: { id: '68cacbe36a891ac7fd777fff', nutritionImage: undefined }
Product after processing: { id: '68cacbe26a891ac7fd777ffb', nutritionImage: undefined }
Product after processing: { id: '68cacbe26a891ac7fd777ff7', nutritionImage: undefined }
Product after processing: { id: '68cacbe26a891ac7fd777ff3', nutritionImage: undefined }
Product after processing: { id: '68cacbe26a891ac7fd777fef', nutritionImage: undefined }
Product after processing: { id: '68cacbe16a891ac7fd777feb', nutritionImage: undefined }
Product after processing: { id: '68cacbe16a891ac7fd777fe7', nutritionImage: undefined }
Product after processing: { id: '68cacbe16a891ac7fd777fe3', nutritionImage: undefined }
Product after processing: { id: '68cacbe16a891ac7fd777fdf', nutritionImage: undefined }
Product after processing: { id: '68cacbe06a891ac7fd777fdb', nutritionImage: undefined }
Product after processing: { id: '68cacbe06a891ac7fd777fd7', nutritionImage: undefined }
Product after processing: { id: '68cacbe06a891ac7fd777fd3', nutritionImage: undefined }
Product after processing: { id: '68cacbdf6a891ac7fd777fcf', nutritionImage: undefined }
Product after processing: { id: '68cacbdf6a891ac7fd777fcb', nutritionImage: undefined }
Product after processing: { id: '68cacbdf6a891ac7fd777fc7', nutritionImage: undefined }
Product after processing: { id: '68cacbdf6a891ac7fd777fc3', nutritionImage: undefined }
Product after processing: { id: '68cacbde6a891ac7fd777fbf', nutritionImage: undefined }
Product after processing: { id: '68cacbde6a891ac7fd777fbb', nutritionImage: undefined }
Product after processing: { id: '68cacbde6a891ac7fd777fb7', nutritionImage: undefined }
Product after processing: { id: '68cacbde6a891ac7fd777fb3', nutritionImage: undefined }
Product after processing: { id: '68cacbdd6a891ac7fd777faf', nutritionImage: undefined }
Product after processing: { id: '68cacbdd6a891ac7fd777fab', nutritionImage: undefined }
Product after processing: { id: '68cacbdd6a891ac7fd777fa7', nutritionImage: undefined }
Product after processing: { id: '68cacbdd6a891ac7fd777fa3', nutritionImage: undefined }
Product after processing: { id: '68cacbdc6a891ac7fd777f9f', nutritionImage: undefined }
Product after processing: { id: '68cacbdc6a891ac7fd777f9b', nutritionImage: undefined }
Product after processing: { id: '68cacbdc6a891ac7fd777f97', nutritionImage: undefined }
Product after processing: { id: '68cacbdc6a891ac7fd777f93', nutritionImage: undefined }
Product after processing: { id: '68cacbdb6a891ac7fd777f8f', nutritionImage: undefined }
Product after processing: { id: '68cacbdb6a891ac7fd777f8b', nutritionImage: undefined }
Product after processing: { id: '68cacbdb6a891ac7fd777f87', nutritionImage: undefined }
Product after processing: { id: '68cacbdb6a891ac7fd777f83', nutritionImage: undefined }
Product after processing: { id: '68cacbda6a891ac7fd777f7f', nutritionImage: undefined }
Product after processing: { id: '68cacbda6a891ac7fd777f7b', nutritionImage: undefined }
Product after processing: { id: '68cacbda6a891ac7fd777f77', nutritionImage: undefined }
Product after processing: { id: '68cacbd96a891ac7fd777f73', nutritionImage: undefined }
Product after processing: { id: '68cacbd96a891ac7fd777f6f', nutritionImage: undefined }
Product after processing: { id: '68cacbd96a891ac7fd777f6b', nutritionImage: undefined }
Product after processing: { id: '68cacbd96a891ac7fd777f67', nutritionImage: undefined }
Product after processing: { id: '68cacbd86a891ac7fd777f63', nutritionImage: undefined }
Product after processing: { id: '68cacbd86a891ac7fd777f5f', nutritionImage: undefined }
Product after processing: { id: '68cacbd86a891ac7fd777f5b', nutritionImage: undefined }
Product after processing: { id: '68cacbd86a891ac7fd777f57', nutritionImage: undefined }
Product after processing: { id: '68cacbd76a891ac7fd777f53', nutritionImage: undefined }
Product after processing: { id: '68cacbd76a891ac7fd777f4f', nutritionImage: undefined }
Product after processing: { id: '68cacbd76a891ac7fd777f4b', nutritionImage: undefined }
Product after processing: { id: '68cacbd76a891ac7fd777f47', nutritionImage: undefined }
Product after processing: { id: '68cacbd66a891ac7fd777f41', nutritionImage: undefined }
Product after processing: { id: '68c92a956a891ac7fd77736a', nutritionImage: undefined }
Product after processing: { id: '68c92a956a891ac7fd777365', nutritionImage: undefined }
Product after processing: { id: '68c92a946a891ac7fd77735a', nutritionImage: undefined }
Product after processing: { id: '68c92a946a891ac7fd777355', nutritionImage: undefined }
 GET /api/products?limit=100&depth=2 200 in 281ms
 ⚠ Found a change in next.config.mjs. Restarting the server to apply the changes...
   ▲ Next.js 15.0.2
   - Local:        http://localhost:3000
   - Environments: .env

 ✓ Starting...
 ⚠ Duplicate page detected. src/app/api/orders/route.ts and src/app/(payload)/api/orders/route.ts resolve to /api/orders
 ⚠ Duplicate page detected. src/app/api/orders/route.ts and src/app/(payload)/api/orders/route.ts resolve to /api/orders
 ✓ Ready in 2.4s
[?25h
