npm warn config ignoring workspace config at /Users/debrajroy/Desktop/o2_nutrition/backend/.npmrc

> dev
> cross-env NODE_OPTIONS=--no-deprecation next dev

   ▲ Next.js 15.3.2
   - Local:        http://localhost:3000
   - Network:      http://192.168.1.13:3000
   - Environments: .env

 ✓ Starting...
 ⚠ Invalid next.config.mjs options detected: 
 ⚠     Unrecognized key(s) in object: 'serverComponentsExternalPackages' at "experimental"
 ⚠ See more info here: https://nextjs.org/docs/messages/invalid-next-config
 ⚠ `experimental.serverComponentsExternalPackages` has been moved to `serverExternalPackages`. Please update your next.config.mjs file accordingly.
 ✓ Ready in 2.2s
 ✓ Compiled /middleware in 156ms (108 modules)
 ○ Compiling /api/products ...
 ✓ Compiled /api/products in 1411ms (1501 modules)
[19:37:54] [33mWARN[39m: [36mNo email adapter provided. Email will be written to console. More info at https://payloadcms.com/docs/email/overview.[39m
 GET /api/products? 200 in 5090ms
 GET /api/products? 200 in 127ms
 GET /api/products? 200 in 90ms
 GET /api/products? 200 in 121ms
 GET /api/products? 200 in 351ms
 GET /api/products? 200 in 87ms
 GET /api/products 200 in 79ms
 GET /api/products? 200 in 90ms
 GET /api/products? 200 in 111ms
 GET /api/products? 200 in 82ms
 GET /api/products? 200 in 88ms
 GET /api/products? 200 in 80ms
 GET /api/products? 200 in 86ms
 GET /api/products? 200 in 146ms
 GET /api/products? 200 in 73ms
 GET /api/products? 200 in 122ms
 GET /api/products?limit=50:200 200 in 146ms
 GET /api/products?limit=50:200 200 in 139ms
[?25h
